<?xml version="1.0" encoding="UTF-8"?>
<testsuite xmlns:xsi="http://www.w3.org/2001/XMLSchema-instance" xsi:noNamespaceSchemaLocation="https://maven.apache.org/surefire/maven-surefire-plugin/xsd/surefire-test-report-3.0.xsd" version="3.0" name="TestSuite" time="33.459" tests="1" errors="0" skipped="0" failures="0">
  <properties>
[...]
</properties>
  <testcase name="ClickActivityTest" classname="com.tests.ProductTests" time="4.491">
    <system-out><![CDATA[2021-12-31-22-04-45
appURL is --> /Users/sanjaynaik/Intelli_Appium_Framework/src/test/resources/app/ApiDemos-debug.apk
super before method
In Login Page
]]></system-out>
    <system-err><![CDATA[Dec 31, 2021 10:05:01 PM io.appium.java_client.remote.AppiumCommandExecutor$1 lambda$0
INFO: Detected dialect: W3C
]]></system-err>
  </testcase>
</testsuite>